{
  "RSpec": {
    "coverage": {
      "/Users/sonjaykumar/aftercourse/projects/shop_manager/spec/item_repository_spec.rb": {
        "lines": [
          1,
          1,
          1,
          1,
          1,
          1,
          null,
          null,
          1,
          1,
          1,
          null,
          null,
          1,
          1,
          1,
          1,
          1,
          1,
          1,
          1,
          1,
          null,
          null,
          null,
          1,
          null,
          null
        ]
      },
      "/Users/sonjaykumar/aftercourse/projects/shop_manager/lib/item.rb": {
        "lines": [
          1,
          1,
          null
        ]
      },
      "/Users/sonjaykumar/aftercourse/projects/shop_manager/lib/item_repository.rb": {
        "lines": [
          1,
          1,
          1,
          1,
          1,
          1,
          4,
          4,
          4,
          4,
          4,
          4,
          4,
          null,
          1,
          null,
          null,
          null,
          null,
          null
        ]
      },
      "/Users/sonjaykumar/aftercourse/projects/shop_manager/spec/order_repository_spec.rb": {
        "lines": [
          1,
          1,
          1,
          3,
          3,
          3,
          null,
          null,
          1,
          1,
          3,
          null,
          1,
          1,
          null,
          1,
          null,
          1,
          null,
          1,
          1,
          1,
          null,
          1,
          1,
          1,
          null,
          1,
          1,
          1,
          1,
          1,
          1,
          1,
          1,
          null,
          null,
          1,
          1,
          1,
          1,
          1,
          1,
          1,
          1,
          1,
          1,
          null,
          null
        ]
      },
      "/Users/sonjaykumar/aftercourse/projects/shop_manager/lib/order.rb": {
        "lines": [
          1,
          null,
          null,
          1,
          null
        ]
      },
      "/Users/sonjaykumar/aftercourse/projects/shop_manager/lib/order_repository.rb": {
        "lines": [
          1,
          1,
          1,
          2,
          2,
          2,
          2,
          9,
          9,
          9,
          9,
          9,
          null,
          2,
          null,
          null,
          1,
          1,
          1,
          1,
          1,
          1,
          1,
          1,
          1,
          1,
          null,
          null,
          null,
          1,
          1,
          1,
          1,
          null,
          null,
          null,
          null,
          null,
          null
        ]
      }
    },
    "timestamp": 1686738557
  }
}
