{
  "RSpec": {
    "coverage": {
      "/Users/sonjaykumar/aftercourse/projects/shop_manager/spec/app_spec.rb": {
        "lines": [
          1,
          1,
          1,
          1,
          1,
          null,
          null,
          null,
          null,
          null,
          1,
          null,
          null,
          null,
          null,
          1,
          1,
          null,
          1,
          1,
          1,
          null,
          null,
          null,
          null,
          null,
          1,
          null,
          null,
          null,
          null,
          1,
          1,
          null,
          null,
          null,
          1,
          null,
          1,
          1,
          1,
          null,
          null,
          null,
          null,
          null,
          1,
          null,
          null,
          null,
          null,
          1,
          1,
          null,
          null,
          null,
          null,
          1,
          null,
          1,
          1,
          1,
          null,
          null,
          null,
          null,
          null,
          1,
          null,
          null,
          null,
          null,
          1,
          1,
          1,
          1,
          1,
          1,
          1,
          1,
          null,
          1,
          1,
          1,
          null,
          null,
          null,
          null,
          null,
          1,
          null,
          null,
          null,
          null,
          1,
          1,
          1,
          1,
          1,
          1,
          1,
          1,
          1,
          1,
          1,
          1,
          null,
          null
        ]
      },
      "/Users/sonjaykumar/aftercourse/projects/shop_manager/app.rb": {
        "lines": [
          null,
          1,
          1,
          1,
          null,
          1,
          1,
          5,
          5,
          5,
          5,
          null,
          null,
          1,
          null,
          null,
          null,
          null,
          5,
          null,
          null,
          null,
          null,
          5,
          9,
          10,
          null,
          5,
          0,
          0,
          0,
          0,
          0,
          null,
          null,
          null,
          null,
          null,
          null,
          null,
          null,
          null,
          null,
          1,
          0,
          0,
          null
        ]
      },
      "/Users/sonjaykumar/aftercourse/projects/shop_manager/lib/item_repository.rb": {
        "lines": [
          1,
          1,
          1,
          2,
          2,
          2,
          2,
          8,
          8,
          8,
          8,
          8,
          8,
          8,
          null,
          2,
          null,
          1,
          1,
          1,
          1,
          1,
          1,
          1,
          1,
          1,
          1,
          1,
          null,
          null,
          null,
          null,
          null
        ]
      },
      "/Users/sonjaykumar/aftercourse/projects/shop_manager/lib/item.rb": {
        "lines": [
          1,
          1,
          null
        ]
      },
      "/Users/sonjaykumar/aftercourse/projects/shop_manager/lib/order_repository.rb": {
        "lines": [
          1,
          1,
          1,
          3,
          3,
          3,
          3,
          14,
          14,
          14,
          14,
          14,
          null,
          3,
          null,
          null,
          1,
          1,
          1,
          1,
          1,
          1,
          1,
          1,
          1,
          1,
          null,
          null,
          null,
          1,
          1,
          1,
          1,
          null,
          null,
          null,
          null,
          null,
          null
        ]
      },
      "/Users/sonjaykumar/aftercourse/projects/shop_manager/lib/order.rb": {
        "lines": [
          1,
          null,
          null,
          1,
          null
        ]
      },
      "/Users/sonjaykumar/aftercourse/projects/shop_manager/spec/item_repository_spec.rb": {
        "lines": [
          1,
          1,
          1,
          2,
          2,
          2,
          null,
          null,
          1,
          1,
          2,
          null,
          null,
          1,
          1,
          1,
          1,
          1,
          1,
          1,
          1,
          1,
          null,
          null,
          null,
          1,
          1,
          1,
          1,
          1,
          1,
          1,
          1,
          null,
          null,
          null,
          null
        ]
      },
      "/Users/sonjaykumar/aftercourse/projects/shop_manager/spec/order_repository_spec.rb": {
        "lines": [
          1,
          1,
          1,
          3,
          3,
          3,
          null,
          null,
          1,
          1,
          3,
          null,
          1,
          1,
          null,
          1,
          null,
          1,
          null,
          1,
          1,
          1,
          null,
          1,
          1,
          1,
          null,
          1,
          1,
          1,
          1,
          1,
          1,
          1,
          1,
          null,
          null,
          1,
          1,
          1,
          1,
          1,
          1,
          1,
          1,
          1,
          1,
          null,
          null
        ]
      }
    },
    "timestamp": 1686753834
  }
}
